
ROM used:   698/16384 (2%)
            698/16384 (2%) including unused fragments

            0.8 Average locations per line
            9.4 Average locations per statement

RAM used:   28/1536 (2%) at main() level
            31/1536 (2%) worst case

Stack used: 4 worst case (1 in main + 3 for interrupts)
Stack size: 31

Lines Stmts  %   Files
----- ----- ---  -----
  169    74 100  main.c
   13     0   0  main.h
  701     0   0  C:\Program Files (x86)\PICC\Devices\18F452.h
----- -----
  883    74 Total

Page ROM  %  RAM   Vol Diff  Functions:
---- --- --- ---   --- ----  ----------
0     40   3    1             @delay_ms1
0     24   2    1             @I2C_WRITE_1
0    148  11    2   691  8.1  SSP_isr
0    142  10    1   268  2.4  MAIN
0     30   2    1    54  1.2  show
0     44   3    1   147  2.6  go_forward
0     44   3    1   147  2.6  go_backward
0     20   1    0    67  1.2  stop
0     30   2    0   100  1.3  turn_right
0     30   2    0   100  1.3  turn_left
 Inline         0             @cinit1

Program metrics:
    Functions               8
    Statements              74
    Comments                146
    Volume (V)              2440
    Difficulty (D)          20.1
    Effort to implement (E) 49152
    Time to implement (T)   46 minutes
    Est Delivered Bugs (B)  0
    Cyclomatic Complexity   13
    Maintainability (MI)    121

 Segment     Used  Free
-----------  ----  ----
00000-00002     4  0  
00004-00006     0  4  
00008-00094   142  0  
00096-07FFE   552  32066  



