#
# A fatal error has been detected by the Java Runtime Environment:
#
#  EXCEPTION_ACCESS_VIOLATION (0xc0000005) at pc=0x00000000025c834f, pid=4976, tid=9364
#
# JRE version: Java(TM) SE Runtime Environment (8.0_20-b26) (build 1.8.0_20-b26)
# Java VM: Java HotSpot(TM) 64-Bit Server VM (25.20-b23 mixed mode windows-amd64 compressed oops)
# Problematic frame:
# V  [jvm.dll+0x14834f]
#
# Failed to write core dump. Minidumps are not enabled by default on client versions of Windows
#
# If you would like to submit a bug report, please visit:
#   http://bugreport.sun.com/bugreport/crash.jsp
#

---------------  T H R E A D  ---------------

Current thread (0x000000000247f000):  JavaThread "main" [_thread_in_vm, id=9364, stack(0x0000000002e00000,0x0000000002f00000)]

siginfo: ExceptionCode=0xc0000005, reading address 0x0000000000000000

Registers:
RAX=0x0000000000000000, RBX=0x000000000247f000, RCX=0x0000000000000f00, RDX=0x0000000000000000
RSP=0x0000000002efe450, RBP=0x0000000000000000, RSI=0x000000000247f1e8, RDI=0x0000000000000000
R8 =0x0000000000000000, R9 =0x000000000000000a, R10=0x0000000000000005, R11=0x0000000000000001
R12=0x0000000000000001, R13=0x0000000000000000, R14=0x0000000002efe5c8, R15=0x000000000247f000
RIP=0x00000000025c834f, EFLAGS=0x0000000000010202

Top of Stack: (sp=0x0000000002efe450)
0x0000000002efe450:   0000000002efe480 0000000071112641
0x0000000002efe460:   0000000002efe3f0 0000000002472760
0x0000000002efe470:   0000000002efe5c8 0000000000000000
0x0000000002efe480:   0000000000617080 00000000711018bf
0x0000000002efe490:   0000000002efe590 000000000247f720
0x0000000002efe4a0:   0000000000000001 00000000000003a0
0x0000000002efe4b0:   00000000154f3450 000000000247f000
0x0000000002efe4c0:   00000000154f3450 000000000247f000
0x0000000002efe4d0:   00000000000000c4 00000000154f3450
0x0000000002efe4e0:   0000000000000180 00000000000000c4
0x0000000002efe4f0:   0000000002efe590 0000000000000000
0x0000000002efe500:   00000000154f3450 00000000031e5b54
0x0000000002efe510:   00000000000000c4 00000000031e58bd
0x0000000002efe520:   000000000247f000 00000000154f3450
0x0000000002efe530:   0000000000000180 000000000247f000
0x0000000002efe540:   0000000002efe628 00000000031e5882 

Instructions: (pc=0x00000000025c834f)
0x00000000025c832f:   a9 00 00 00 30 74 08 48 8b cb e8 f2 ef 0d 00 c7
0x00000000025c833f:   83 60 02 00 00 06 00 00 00 40 38 3d ca 9f 68 00
0x00000000025c834f:   4d 8b 6d 00 41 bc 10 00 00 00 41 be 0c 00 00 00
0x00000000025c835f:   48 89 74 24 48 41 8b c4 41 0f 45 c6 48 98 4a 63 


Register to memory mapping:

RAX=0x0000000000000000 is an unknown value
RBX=0x000000000247f000 is a thread
RCX=0x0000000000000f00 is an unknown value
RDX=0x0000000000000000 is an unknown value
RSP=0x0000000002efe450 is pointing into the stack for thread: 0x000000000247f000
RBP=0x0000000000000000 is an unknown value
RSI=0x000000000247f1e8 is an unknown value
RDI=0x0000000000000000 is an unknown value
R8 =0x0000000000000000 is an unknown value
R9 =0x000000000000000a is an unknown value
R10=0x0000000000000005 is an unknown value
R11=0x0000000000000001 is an unknown value
R12=0x0000000000000001 is an unknown value
R13=0x0000000000000000 is an unknown value
R14=0x0000000002efe5c8 is pointing into the stack for thread: 0x000000000247f000
R15=0x000000000247f000 is a thread


Stack: [0x0000000002e00000,0x0000000002f00000],  sp=0x0000000002efe450,  free space=1017k
Native frames: (J=compiled Java code, j=interpreted, Vv=VM code, C=native code)

Java frames: (J=compiled Java code, j=interpreted, Vv=VM code)
j  jssc.SerialNativeInterface.writeBytes(J[B)Z+0
j  jssc.SerialPort.writeBytes([B)Z+15
j  com.sifeb.ve.controller.ComPortController.writeProgram([B)V+7
j  com.sifeb.ve.controller.ComPortControllerTest.testWriteProgram()V+11
v  ~StubRoutines::call_stub
j  sun.reflect.NativeMethodAccessorImpl.invoke0(Ljava/lang/reflect/Method;Ljava/lang/Object;[Ljava/lang/Object;)Ljava/lang/Object;+0
j  sun.reflect.NativeMethodAccessorImpl.invoke(Ljava/lang/Object;[Ljava/lang/Object;)Ljava/lang/Object;+100
j  sun.reflect.DelegatingMethodAccessorImpl.invoke(Ljava/lang/Object;[Ljava/lang/Object;)Ljava/lang/Object;+6
j  java.lang.reflect.Method.invoke(Ljava/lang/Object;[Ljava/lang/Object;)Ljava/lang/Object;+56
j  org.junit.runners.model.FrameworkMethod$1.runReflectiveCall()Ljava/lang/Object;+15
j  org.junit.internal.runners.model.ReflectiveCallable.run()Ljava/lang/Object;+1
j  org.junit.runners.model.FrameworkMethod.invokeExplosively(Ljava/lang/Object;[Ljava/lang/Object;)Ljava/lang/Object;+10
j  org.junit.internal.runners.statements.InvokeMethod.evaluate()V+12
j  org.junit.internal.runners.statements.RunBefores.evaluate()V+49
j  org.junit.internal.runners.statements.RunAfters.evaluate()V+12
j  org.junit.runners.ParentRunner.runLeaf(Lorg/junit/runners/model/Statement;Lorg/junit/runner/Description;Lorg/junit/runner/notification/RunNotifier;)V+17
j  org.junit.runners.BlockJUnit4ClassRunner.runChild(Lorg/junit/runners/model/FrameworkMethod;Lorg/junit/runner/notification/RunNotifier;)V+32
j  org.junit.runners.BlockJUnit4ClassRunner.runChild(Ljava/lang/Object;Lorg/junit/runner/notification/RunNotifier;)V+6
j  org.junit.runners.ParentRunner$3.run()V+12
j  org.junit.runners.ParentRunner$1.schedule(Ljava/lang/Runnable;)V+1
j  org.junit.runners.ParentRunner.runChildren(Lorg/junit/runner/notification/RunNotifier;)V+40
j  org.junit.runners.ParentRunner.access$000(Lorg/junit/runners/ParentRunner;Lorg/junit/runner/notification/RunNotifier;)V+2
j  org.junit.runners.ParentRunner$2.evaluate()V+8
j  org.junit.internal.runners.statements.RunBefores.evaluate()V+49
j  org.junit.internal.runners.statements.RunAfters.evaluate()V+12
j  org.junit.runners.ParentRunner.run(Lorg/junit/runner/notification/RunNotifier;)V+20
j  junit.framework.JUnit4TestAdapter.run(Ljunit/framework/TestResult;)V+13
j  org.apache.tools.ant.taskdefs.optional.junit.JUnitTestRunner.run()V+676
j  org.apache.tools.ant.taskdefs.optional.junit.JUnitTestRunner.launch(Lorg/apache/tools/ant/taskdefs/optional/junit/JUnitTest;[Ljava/lang/String;ZZZZZZ)I+41
j  org.apache.tools.ant.taskdefs.optional.junit.JUnitTestRunner.main([Ljava/lang/String;)V+918
v  ~StubRoutines::call_stub

---------------  P R O C E S S  ---------------

Java Threads: ( => current thread )
  0x000000001728b800 JavaThread "Service Thread" daemon [_thread_blocked, id=8116, stack(0x0000000017800000,0x0000000017900000)]
  0x00000000159cf000 JavaThread "C1 CompilerThread2" daemon [_thread_blocked, id=8652, stack(0x0000000017690000,0x0000000017790000)]
  0x00000000159ce000 JavaThread "C2 CompilerThread1" daemon [_thread_blocked, id=6860, stack(0x0000000017130000,0x0000000017230000)]
  0x00000000159c6000 JavaThread "C2 CompilerThread0" daemon [_thread_blocked, id=3496, stack(0x0000000016cb0000,0x0000000016db0000)]
  0x00000000159c4000 JavaThread "Attach Listener" daemon [_thread_blocked, id=8376, stack(0x0000000016f90000,0x0000000017090000)]
  0x00000000159c1000 JavaThread "Signal Dispatcher" daemon [_thread_blocked, id=7704, stack(0x0000000016df0000,0x0000000016ef0000)]
  0x0000000015965800 JavaThread "Finalizer" daemon [_thread_blocked, id=9984, stack(0x0000000016b60000,0x0000000016c60000)]
  0x000000001595c000 JavaThread "Reference Handler" daemon [_thread_blocked, id=10040, stack(0x0000000016a60000,0x0000000016b60000)]
=>0x000000000247f000 JavaThread "main" [_thread_in_vm, id=9364, stack(0x0000000002e00000,0x0000000002f00000)]

Other Threads:
  0x0000000015956000 VMThread [stack: 0x0000000016920000,0x0000000016a20000] [id=8252]
  0x00000000172a1800 WatcherThread [stack: 0x0000000017a00000,0x0000000017b00000] [id=8036]

VM state:not at safepoint (normal execution)

VM Mutex/Monitor currently owned by a thread: None

Heap:
 PSYoungGen      total 18944K, used 8145K [0x00000000eaf00000, 0x00000000ec400000, 0x0000000100000000)
  eden space 16384K, 49% used [0x00000000eaf00000,0x00000000eb6f47b0,0x00000000ebf00000)
  from space 2560K, 0% used [0x00000000ec180000,0x00000000ec180000,0x00000000ec400000)
  to   space 2560K, 0% used [0x00000000ebf00000,0x00000000ebf00000,0x00000000ec180000)
 ParOldGen       total 44032K, used 0K [0x00000000c0c00000, 0x00000000c3700000, 0x00000000eaf00000)
  object space 44032K, 0% used [0x00000000c0c00000,0x00000000c0c00000,0x00000000c3700000)
 Metaspace       used 6401K, capacity 6460K, committed 6656K, reserved 1056768K
  class space    used 725K, capacity 752K, committed 768K, reserved 1048576K

Card table byte_map: [0x0000000012590000,0x0000000012790000] byte_map_base: 0x0000000011f8a000

Marking Bits: (ParMarkBitMap*) 0x0000000002c5b460
 Begin Bits: [0x0000000012e30000, 0x0000000013e00000)
 End Bits:   [0x0000000013e00000, 0x0000000014dd0000)

Polling page: 0x0000000000150000

CodeCache: size=245760Kb used=1968Kb max_used=1968Kb free=243791Kb
 bounds [0x00000000031d0000, 0x0000000003440000, 0x00000000121d0000]
 total_blobs=702 nmethods=397 adapters=219
 compilation: enabled

Compilation events (10 events):
Event: 3.657 Thread 0x00000000159cf000 nmethod 388 0x00000000033b8b50 code [0x00000000033b8ca0, 0x00000000033b8df0]
Event: 3.658 Thread 0x00000000159cf000  389       3       java.io.StringWriter::write (10 bytes)
Event: 3.659 Thread 0x00000000159cf000 nmethod 389 0x00000000033b8e50 code [0x00000000033b8fc0, 0x00000000033b93c8]
Event: 3.659 Thread 0x00000000159cf000  390       1       org.junit.runner.Description::getDisplayName (5 bytes)
Event: 3.659 Thread 0x00000000159cf000 nmethod 390 0x00000000033b9510 code [0x00000000033b9660, 0x00000000033b9770]
Event: 3.659 Thread 0x00000000159cf000  391       3       java.lang.Throwable$WrappedPrintWriter::println (9 bytes)
Event: 3.660 Thread 0x00000000159cf000 nmethod 391 0x00000000033b97d0 code [0x00000000033b99a0, 0x00000000033ba1c8]
Event: 3.660 Thread 0x00000000159cf000  396       3       java.lang.Integer::getChars (131 bytes)
Event: 3.660 Thread 0x00000000159cf000 nmethod 396 0x00000000033ba6d0 code [0x00000000033ba860, 0x00000000033bacd0]
Event: 3.660 Thread 0x00000000159cf000  392   !   3       java.io.PrintWriter::println (34 bytes)

GC Heap History (0 events):
No events

Deoptimization events (1 events):
Event: 0.356 Thread 0x000000000247f000 Uncommon trap: reason=null_check action=make_not_entrant pc=0x0000000003380ae8 method=java.lang.String.equals(Ljava/lang/Object;)Z @ 8

Internal exceptions (10 events):
Event: 0.369 Thread 0x000000000247f000 Exception <a 'java/security/PrivilegedActionException'> (0x00000000eb5a2758) thrown at [D:\re\workspace\8-2-build-windows-amd64-cygwin\jdk8u20\1074\hotspot\src\share\vm\prims\jvm.cpp, line 1275]
Event: 0.529 Thread 0x000000000247f000 Exception <a 'java/lang/reflect/InvocationTargetException'> (0x00000000eb5df630) thrown at [D:\re\workspace\8-2-build-windows-amd64-cygwin\jdk8u20\1074\hotspot\src\share\vm\runtime\reflection.cpp, line 1079]
Event: 3.629 Thread 0x000000000247f000 Exception <a 'java/security/PrivilegedActionException'> (0x00000000eb612b40) thrown at [D:\re\workspace\8-2-build-windows-amd64-cygwin\jdk8u20\1074\hotspot\src\share\vm\prims\jvm.cpp, line 1275]
Event: 3.631 Thread 0x000000000247f000 Exception <a 'java/security/PrivilegedActionException'> (0x00000000eb616ac8) thrown at [D:\re\workspace\8-2-build-windows-amd64-cygwin\jdk8u20\1074\hotspot\src\share\vm\prims\jvm.cpp, line 1275]
Event: 3.632 Thread 0x000000000247f000 Exception <a 'java/security/PrivilegedActionException'> (0x00000000eb61bbf0) thrown at [D:\re\workspace\8-2-build-windows-amd64-cygwin\jdk8u20\1074\hotspot\src\share\vm\prims\jvm.cpp, line 1275]
Event: 3.634 Thread 0x000000000247f000 Exception <a 'java/lang/reflect/InvocationTargetException'> (0x00000000eb620528) thrown at [D:\re\workspace\8-2-build-windows-amd64-cygwin\jdk8u20\1074\hotspot\src\share\vm\runtime\reflection.cpp, line 1079]
Event: 3.645 Thread 0x000000000247f000 Exception <a 'java/lang/reflect/InvocationTargetException'> (0x00000000eb6709a0) thrown at [D:\re\workspace\8-2-build-windows-amd64-cygwin\jdk8u20\1074\hotspot\src\share\vm\runtime\reflection.cpp, line 1079]
Event: 3.651 Thread 0x000000000247f000 Exception <a 'java/security/PrivilegedActionException'> (0x00000000eb6a3570) thrown at [D:\re\workspace\8-2-build-windows-amd64-cygwin\jdk8u20\1074\hotspot\src\share\vm\prims\jvm.cpp, line 1275]
Event: 3.652 Thread 0x000000000247f000 Exception <a 'java/security/PrivilegedActionException'> (0x00000000eb6a8d68) thrown at [D:\re\workspace\8-2-build-windows-amd64-cygwin\jdk8u20\1074\hotspot\src\share\vm\prims\jvm.cpp, line 1275]
Event: 3.656 Thread 0x000000000247f000 Exception <a 'java/lang/reflect/InvocationTargetException'> (0x00000000eb6ad468) thrown at [D:\re\workspace\8-2-build-windows-amd64-cygwin\jdk8u20\1074\hotspot\src\share\vm\runtime\reflection.cpp, line 1079]

Events (10 events):
Event: 3.655 loading class java/util/NavigableMap done
Event: 3.655 loading class java/util/TreeMap done
Event: 3.655 loading class java/util/TreeMap$Entry
Event: 3.655 loading class java/util/TreeMap$Entry done
Event: 3.656 loading class java/util/TreeMap$KeySet
Event: 3.656 loading class java/util/TreeMap$KeySet done
Event: 3.656 loading class java/util/TreeMap$KeyIterator
Event: 3.656 loading class java/util/TreeMap$PrivateEntryIterator
Event: 3.656 loading class java/util/TreeMap$PrivateEntryIterator done
Event: 3.656 loading class java/util/TreeMap$KeyIterator done


Dynamic libraries:
0x000000013fb40000 - 0x000000013fb74000 	C:\Program Files\Java\jdk1.8.0_20\jre\bin\java.exe
0x00000000777c0000 - 0x0000000077969000 	C:\Windows\SYSTEM32\ntdll.dll
0x00000000703c0000 - 0x000000007040a000 	C:\Program Files\AVAST Software\Avast\snxhk64.dll
0x00000000770e0000 - 0x00000000771ff000 	C:\Windows\system32\KERNEL32.dll
0x000007fefdd70000 - 0x000007fefdddb000 	C:\Windows\system32\KERNELBASE.dll
0x000007fefe210000 - 0x000007fefe2eb000 	C:\Windows\system32\ADVAPI32.dll
0x000007fefe2f0000 - 0x000007fefe38f000 	C:\Windows\system32\msvcrt.dll
0x000007fefe820000 - 0x000007fefe83f000 	C:\Windows\SYSTEM32\sechost.dll
0x000007fefe640000 - 0x000007fefe76d000 	C:\Windows\system32\RPCRT4.dll
0x0000000077410000 - 0x000000007750a000 	C:\Windows\system32\USER32.dll
0x000007fefe9b0000 - 0x000007fefea17000 	C:\Windows\system32\GDI32.dll
0x000007fefe790000 - 0x000007fefe79e000 	C:\Windows\system32\LPK.dll
0x000007fefe000000 - 0x000007fefe0c9000 	C:\Windows\system32\USP10.dll
0x000007fefc2c0000 - 0x000007fefc4b4000 	C:\Windows\WinSxS\amd64_microsoft.windows.common-controls_6595b64144ccf1df_6.0.7601.17514_none_fa396087175ac9ac\COMCTL32.dll
0x000007fefe840000 - 0x000007fefe8b1000 	C:\Windows\system32\SHLWAPI.dll
0x000007feffaa0000 - 0x000007fefface000 	C:\Windows\system32\IMM32.DLL
0x000007fefea20000 - 0x000007fefeb29000 	C:\Windows\system32\MSCTF.dll
0x0000000077d20000 - 0x0000000077df2000 	C:\Program Files\Java\jdk1.8.0_20\jre\bin\msvcr100.dll
0x0000000002480000 - 0x0000000002cd8000 	C:\Program Files\Java\jdk1.8.0_20\jre\bin\server\jvm.dll
0x000007fef41f0000 - 0x000007fef41f9000 	C:\Windows\system32\WSOCK32.dll
0x000007fefe8c0000 - 0x000007fefe90d000 	C:\Windows\system32\WS2_32.dll
0x000007fefdff0000 - 0x000007fefdff8000 	C:\Windows\system32\NSI.dll
0x000007fefc7b0000 - 0x000007fefc7eb000 	C:\Windows\system32\WINMM.dll
0x0000000077980000 - 0x0000000077987000 	C:\Windows\system32\PSAPI.DLL
0x0000000050010000 - 0x000000005001f000 	C:\Program Files\Java\jdk1.8.0_20\jre\bin\verify.dll
0x0000000077e70000 - 0x0000000077e98000 	C:\Program Files\Java\jdk1.8.0_20\jre\bin\java.dll
0x0000000077e50000 - 0x0000000077e66000 	C:\Program Files\Java\jdk1.8.0_20\jre\bin\zip.dll
0x000007fefed10000 - 0x000007feffa98000 	C:\Windows\system32\SHELL32.dll
0x000007fefe430000 - 0x000007fefe633000 	C:\Windows\system32\ole32.dll
0x000007fefdc20000 - 0x000007fefdc2f000 	C:\Windows\system32\profapi.dll
0x0000000077e30000 - 0x0000000077e4a000 	C:\Program Files\Java\jdk1.8.0_20\jre\bin\net.dll
0x000007fefd490000 - 0x000007fefd4e5000 	C:\Windows\system32\mswsock.dll
0x000007fefd480000 - 0x000007fefd487000 	C:\Windows\System32\wship6.dll
0x000007fefbb50000 - 0x000007fefbb65000 	C:\Windows\system32\NLAapi.dll
0x000007fef8610000 - 0x000007fef8625000 	C:\Windows\system32\napinsp.dll
0x000007fef85f0000 - 0x000007fef8609000 	C:\Windows\system32\pnrpnsp.dll
0x000007fefd310000 - 0x000007fefd36b000 	C:\Windows\system32\DNSAPI.dll
0x000007fef85a0000 - 0x000007fef85ab000 	C:\Windows\System32\winrnr.dll
0x000007fef8fd0000 - 0x000007fef8ffe000 	C:\Program Files\Common Files\Microsoft Shared\Windows Live\WLIDNSP.DLL
0x000007fef8510000 - 0x000007fef8520000 	C:\Windows\system32\wshbth.dll
0x0000000070660000 - 0x0000000070686000 	C:\Program Files\Bonjour\mdnsNSP.dll
0x000007fefb0a0000 - 0x000007fefb0c7000 	C:\Windows\system32\Iphlpapi.DLL
0x000007fefb090000 - 0x000007fefb09b000 	C:\Windows\system32\WINNSI.DLL
0x000007fefce00000 - 0x000007fefce07000 	C:\Windows\System32\wshtcpip.dll
0x000007fef8fc0000 - 0x000007fef8fc8000 	C:\Windows\system32\rasadhlp.dll
0x000007fefad80000 - 0x000007fefadd3000 	C:\Windows\System32\fwpuclnt.dll
0x0000000071100000 - 0x0000000071125000 	C:\Users\Pubudu\.jssc\windows\jSSC-2.8_x86_64.dll
0x000007fee6f90000 - 0x000007fee70b5000 	C:\Windows\system32\dbghelp.dll

VM Arguments:
jvm_args: -ea 
java_command: org.apache.tools.ant.taskdefs.optional.junit.JUnitTestRunner com.sifeb.ve.controller.ComPortControllerTest filtertrace=true haltOnError=false haltOnFailure=false showoutput=true outputtoformatters=true logfailedtests=true logtestlistenerevents=true formatter=org.apache.tools.ant.taskdefs.optional.junit.BriefJUnitResultFormatter formatter=org.apache.tools.ant.taskdefs.optional.junit.XMLJUnitResultFormatter,C:\FYP\SIFEB\Visual Programming Editor\SiFEB_VE\build\test\results\TEST-com.sifeb.ve.controller.ComPortControllerTest.xml crashfile=C:\FYP\SIFEB\Visual Programming Editor\SiFEB_VE\build\junitvmwatcher1911445414473410483.properties propsfile=C:\FYP\SIFEB\Visual Programming Editor\SiFEB_VE\build\junit4194268965219859255.properties
java_class_path (initial): C:\Program Files\Java\jdk1.8.0_20\jre\lib\javaws.jar;C:\Program Files\Java\jdk1.8.0_20\jre\lib\deploy.jar;C:\Program Files\Java\jdk1.8.0_20\jre\lib\plugin.jar;C:\FYP\SIFEB\Visual Programming Editor\resources\RXTXcomm.jar;C:\FYP\SIFEB\Visual Programming Editor\resources\jssc.jar;C:\FYP\SIFEB\Visual Programming Editor\resources\comm.jar;C:\FYP\SIFEB\Visual Programming Editor\resources\jna-platform-4.1.0.jar;C:\FYP\SIFEB\Visual Programming Editor\resources\jna-4.1.0.jar;C:\FYP\SIFEB\Visual Programming Editor\resources\jna.jar;C:\FYP\SIFEB\Visual Programming Editor\resources\purejavacomm.jar;C:\FYP\SIFEB\Visual Programming Editor\resources\controlsfx-8.0.6_20.jar;C:\FYP\SIFEB\Visual Programming Editor\SiFEB_VE\build\classes;C:\Program Files\NetBeans 8.0\platform\modules\ext\junit-4.10.jar;C:\FYP\SIFEB\Visual Programming Editor\SiFEB_VE\build\test\classes;C:\Program Files\NetBeans 8.0\extide\ant\lib\ant-launcher.jar;C:\Program Files\NetBeans 8.0\extide\ant\lib\ant.jar;C:\Program Files\NetBeans 8.0\extide\ant\lib\ant-junit.jar;C:\Program Files\NetBeans 8.0\extide\ant\lib\ant-junit4.jar
Launcher Type: SUN_STANDARD

Environment Variables:
PATH=C:\ProgramData\Oracle\Java\javapath;C:\WinAVR-20100110\bin;C:\WinAVR-20100110\utils\bin;C:\Program Files\Common Files\Microsoft Shared\Windows Live;C:\Program Files (x86)\Common Files\Microsoft Shared\Windows Live;C:\Windows\system32;C:\Windows;C:\Windows\System32\Wbem;C:\Windows\System32\WindowsPowerShell\v1.0\;C:\Program Files (x86)\Windows Live\Shared;C:\Program Files (x86)\ATI Technologies\ATI.ACE\Core-Static;C:\Program Files\Broadcom\Broadcom 802.11\Driver;C:\Program Files\WIDCOMM\Bluetooth Software\;C:\Program Files\WIDCOMM\Bluetooth Software\syswow64;C:\Program Files\MATLAB\R2012abnew\runtime\win64;C:\Program Files\MATLAB\R2012abnew\bin;C:\Program Files\MATLAB\R2011a\runtime\win64;C:\Program Files\MATLAB\R2011a\bin;C:\Program Files (x86)\OpenSSH\bin;C:\Program Files (x86)\Bitvise SSH Client;C:\PROGRA~2\PICC;C:\Anaconda;C:\Anaconda\Scripts;C:\Program Files (x86)\Common Files\Autodesk Shared\;C:\Program Files\Common Files\Autodesk Shared\;C:\Program Files (x86)\Autodesk\Backburner\;C:\Program Files (x86)\QuickTime\QTSystem\;C:\Program Files\TortoiseGit\bin
USERNAME=Pubudu
OS=Windows_NT
PROCESSOR_IDENTIFIER=Intel64 Family 6 Model 42 Stepping 7, GenuineIntel



---------------  S Y S T E M  ---------------

OS: Windows 7 , 64 bit Build 7601 Service Pack 1

CPU:total 4 (2 cores per cpu, 2 threads per core) family 6 model 42 stepping 7, cmov, cx8, fxsr, mmx, sse, sse2, sse3, ssse3, sse4.1, sse4.2, popcnt, avx, aes, clmul, ht, tsc, tscinvbit

Memory: 4k page, physical 4140912k(1073504k free), swap 8279980k(3596576k free)

vm_info: Java HotSpot(TM) 64-Bit Server VM (25.20-b23) for windows-amd64 JRE (1.8.0_20-b26), built on Jul 30 2014 13:51:23 by "java_re" with MS VC++ 10.0 (VS2010)

time: Thu Feb 12 15:48:11 2015
elapsed time: 3 seconds (0d 0h 0m 3s)

